声を手にした。

@01 517/8/21 h16 アイテム発見
泣き声のやさしさは工房ミラル・ガロクにて
☆気高き棍棒『シャドウ骸』 (3d3+2)(1)を
入手した。

@03 517/8/22 h22 クエストの達成
カーズエンドはクエストを達成し、186の名
声を手にした。

@01 517/8/22 h22 アイテム発見
カーズエンドは安全な洞窟にて★《エーテル
ダガー》 (5d5+8)(16) [4,6]を入手した。


@01 517/8/24 h15 アイテム発見
小剣の抵抗はノースティリスにて☆艶やかな
る騎士盾『使徒のタワー』 [-1,2]を入手し
た。

@01 517/8/24 h16 アイテム発見
小剣の抵抗はノースティリスにて☆呪われた
異光を放つ丸型盾『嵐を呼びし車輪』 [6,1
4]を入手した。

@01 517/8/24 h16 アイテム発見
あばずれの歌はノースティリスにて☆気高き
綴り鎧『オールウェーズフィッシング』 [0
,13]を入手した。

@01 517/8/27 h9 アイテム発見
子猫の言葉はノースティリスにて☆重き重靴
『恋に破れた響き』 [0,3]を入手した。

@01 517/8/28 h10 アイテム発見
マンメテオはレシマスにて☆気高き光子弾『
黒に染まった皇女』 (2d3)を入手した。

@01 517/8/28 h17 アイテム発見
雲の懲罰は安全な森にて☆真実を暴く散弾銃
『危険すぎる盗人』 (4d12+7)(9)を入手した。


@03 517/9/4 h5 クエストの達成
帝国の黄はクエストを達成し、93の名声を手
にした。

@01 517/9/4 h5 アイテム発見
帝国の黄は時めきの洞窟にて☆儚き輪鎧『虎
を操る声』 [6,0]を入手した。

@03 517/9/4 h8 クエストの達成
塔に篭る血はクエストを達成し、21の名声を
手にした。

@01 517/9/6 h3 アイテム発見
腐らないで美男子はノースティリスにて☆闇
を砕く首当て『放心した狭義』 [0,4]を入手
した。

@01 517/9/6 h16 アイテム発見
恐ろしき妻は混沌の城《機甲》にて☆気高き
指輪『夜はいつも泥棒』を入手した。

@03 517/9/8 h4 クエストの達成
かわいさの黄はクエストを達成し、52の名声
を手にした。

@01 517/9/8 h4 アイテム発見
かわいさの黄は神々の休戦地にて☆気高き刀
『母から受け継いだ陽光』 (4d4+2)を入手し
た。

@03 517/9/9 h9 クエストの達成
かわいさの黄はクエストを達成し、181の名
声を手にした。

@01 517/9/11 h15 アイテム発見
カーズエンドはノースティリスにて☆透き通
る装飾首輪『仇の天』を入手した。

@01 517/9/11 h21 アイテム発見
恐ろしき妻は混沌の城《機甲》にて☆重き兜
『売国奴のダイヤモンド』 [0,6]を入手した。


@03 517/9/13 h6 クエストの達成
破局した子犬はクエストを達成し、13の名声
を手にした。

@01 517/9/13 h6 アイテム発見
破局した子犬はノイエルにて☆由緒ある拳銃
『人形の来世』 (1d30)(12)を入手した。

@01 517/9/14 h4 アイテム発見
塔に篭る血は混沌の城《獣》にて☆全てを包
む履物『永劫なる月光』 [4,0]を入手した。


@03 517/9/14 h20 クエストの達成
終わりなき黄金はクエストを達成し、110の
名声を手にした。

@01 517/9/14 h20 アイテム発見
終わりなき黄金はノースティリスにて☆宵闇
を纏いしフェアリーハット『骨しかない信頼』
 [31,11]を入手した。

@01 517/9/18 h3 アイテム発見
泣き声のやさしさはノースティリスにて☆透
き通る装飾の指輪『恋愛のモーニング』を入
手した。

@01 517/9/18 h5 アイテム発見
エーテルダガーは不帰の森にて☆透き通る盾
『モーニングフィッシュ』 [5,0]を入手した。


@01 517/9/22 h14 アイテム発見
素晴らしき森番ははじまりの塔にて☆闇を砕
くペリドット『いつも仇』 (7,0)を入手した。


@03 517/9/22 h18 クエストの達成
素晴らしき森番はクエストを達成し、194の
名声を手にした。

@01 517/9/22 h19 アイテム発見
エンジェルクォークはノースティリスにて☆
鉄塊と呼ばれる重層腰当『声なき弱点』 [1
,10]を入手した。

@03 517/9/24 h8 クエストの達成
スパイダーのダイヤモンドはクエストを達成
し、25の名声を手にした。

@01 517/9/28 h12 アイテム発見
塔に篭る雪月花はノースティリスにて☆祝福
された全てを包む装飾首輪『破滅する不死者』
を入手した。

@03 517/10/1 h13 クエストの達成
スパイダーのダイヤモンドはクエストを達成
し、29の名声を手にした。

@01 517/10/2 h14 アイテム発見
プロフェシーの酔っ払いはノースティリスに
て☆奇跡を呼ぶ光子弾『皇帝の忘却』 (2d6
+2)を入手した。

@03 517/10/2 h17 クエストの達成
塔に篭る雪月花はクエストを達成し、153の
名声を手にした。

@01 517/10/2 h17 アイテム発見
塔に篭る雪月花はノースティリスにて☆重き
光子弾『虎を連れた敗北』 (2d3)を入手した。


@01 517/10/5 h14 アイテム発見
塔に篭る雪月花はノースティリスにて☆呪わ
れた宵闇を纏いし手斧『ラバーズキューティ』
 (2d10+3)(5)を入手した。

@01 517/10/10 h22 アイテム発見
終わりなき黄金はノースティリスにて☆神殺
しの合成鎧『踊りまくる皇帝』 [8,27]を入
手した。

@01 517/10/11 h2 アイテム発見
カーズエンドはノースティリスにて☆透き通
る軽外套『コンドルダーク』 [6,0]を入手し
た。

@01 517/10/11 h4 アイテム発見
エーテルダガーはノースティリスにて☆鉄塊
と呼ばれる盾『邪悪の籠』 [0,12]を入手し
た。

@01 517/10/11 h4 アイテム発見
恐ろしき妻は混沌の城《機甲》にて☆重き重
靴『イモータル・ゴールド』 [0,4]を入手し
た。

@01 517/10/13 h18 アイテム発見
塔に篭る血ははじまりの塔にて☆重き散弾銃
『黄に染まる狂人』 (4d7+1)(2)を入手した。


@01 517/10/15 h5 アイテム発見
ヒーラー・ハーベストはノースティリスにて
☆闇を照らす丸型盾『連鎖のスカー』 [8,8
]を入手した。

